<?xml version="1.0" encoding="UTF-8"?>
<testsuite name="DistanceTest" tests="1" skipped="0" failures="0" errors="0" timestamp="2022-06-14T12:08:07" hostname="LOFT" time="0.005">
  <properties/>
  <testcase name="testArea" classname="DistanceTest" time="0.005"/>
  <system-out><![CDATA[]]></system-out>
  <system-err><![CDATA[]]></system-err>
</testsuite>
