<?xml version="1.0" encoding="UTF-8"?>
<testsuite name="EquationTest" tests="3" skipped="0" failures="0" errors="0" timestamp="2022-07-20T19:06:28" hostname="LOFT" time="0.009">
  <properties/>
  <testcase name="test0" classname="EquationTest" time="0.005"/>
  <testcase name="test1" classname="EquationTest" time="0.0"/>
  <testcase name="test2" classname="EquationTest" time="0.0"/>
  <system-out><![CDATA[]]></system-out>
  <system-err><![CDATA[]]></system-err>
</testsuite>
